<?xml version="1.0" encoding="UTF-8"?>
<!-- Generated by org.testng.reporters.JUnitReportReporter -->
<testsuite hostname="DESKTOP-B4ND95H" failures="0" tests="1" name="com.testng.Test1" time="0.013" errors="0" timestamp="2024-07-22T23:15:58 IST" skipped="0">
  <testcase classname="com.testng.Test1" name="test1" time="0.013"/>
  <system-out/>
</testsuite> <!-- com.testng.Test1 -->
